<?xml version="1.0" encoding="UTF-8"?>
<testng-results skipped="0" failed="0" ignored="0" total="1" passed="1">
  <reporter-output>
  </reporter-output>
  <suite name="Suite" duration-ms="45845" started-at="2020-02-11T07:23:02Z" finished-at="2020-02-11T07:23:48Z">
    <groups>
    </groups>
    <test name="browserfunction" duration-ms="8" started-at="2020-02-11T07:23:02Z" finished-at="2020-02-11T07:23:02Z">
    </test> <!-- browserfunction -->
    <test name="tripadvisor" duration-ms="45763" started-at="2020-02-11T07:23:02Z" finished-at="2020-02-11T07:23:48Z">
      <class name="script.TripAdvisor">
        <test-method status="PASS" signature="tripAdvisor()[pri:0, instance:script.TripAdvisor@4cc0edeb]" name="tripAdvisor" duration-ms="45736" started-at="2020-02-11T07:23:02Z" finished-at="2020-02-11T07:23:48Z">
          <reporter-output>
          </reporter-output>
        </test-method> <!-- tripAdvisor -->
      </class> <!-- script.TripAdvisor -->
    </test> <!-- tripadvisor -->
  </suite> <!-- Suite -->
</testng-results>
