<?xml version="1.0" encoding="UTF-8"?>
<testng-results skipped="0" failed="0" ignored="0" total="1" passed="1">
  <reporter-output>
  </reporter-output>
  <suite name="Suite" duration-ms="49168" started-at="2020-02-11T03:10:56Z" finished-at="2020-02-11T03:11:45Z">
    <groups>
    </groups>
    <test name="browserfunction" duration-ms="10" started-at="2020-02-11T03:10:56Z" finished-at="2020-02-11T03:10:56Z">
    </test> <!-- browserfunction -->
    <test name="GetPrice" duration-ms="49087" started-at="2020-02-11T03:10:56Z" finished-at="2020-02-11T03:11:45Z">
      <class name="script.GetPrice">
        <test-method status="PASS" signature="comparePrice()[pri:1, instance:script.GetPrice@4cc0edeb]" name="comparePrice" duration-ms="49056" started-at="2020-02-11T03:10:56Z" finished-at="2020-02-11T03:11:45Z">
          <reporter-output>
          </reporter-output>
        </test-method> <!-- comparePrice -->
      </class> <!-- script.GetPrice -->
    </test> <!-- GetPrice -->
  </suite> <!-- Suite -->
</testng-results>
